2026-04-15 01:08:14.833 | INFO     | BACKEND.main:lifespan:31 - ============================================================
2026-04-15 01:08:14.834 | INFO     | BACKEND.main:lifespan:32 -   ProofSAR AI v1.0.0 starting …
2026-04-15 01:08:14.834 | INFO     | BACKEND.main:lifespan:33 -   Environment : development
2026-04-15 01:08:14.835 | INFO     | BACKEND.main:lifespan:34 -   Docs        : http://0.0.0.0:8000/docs
2026-04-15 01:08:14.835 | INFO     | BACKEND.main:lifespan:35 - ============================================================
2026-04-15 01:08:14.836 | WARNING  | ML.train_model:load_model:197 - Model not found. Auto-training...
2026-04-15 01:08:14.836 | INFO     | ML.train_model:main:233 - === ProofSAR AI — ML Training Pipeline ===
2026-04-15 01:08:14.837 | WARNING  | ML.train_model:load_and_prepare_data:47 - Dataset not found. Generating synthetic data...
2026-04-15 01:08:21.855 | WARNING  | BACKEND.main:lifespan:43 - ML model pre-load failed (will load on first request): unconverted data remains when parsing with format "%Y-%m-%dT%H:%M:%S": ".434291". You might want to try:
    - passing `format` if your strings have a consistent format;
    - passing `format='ISO8601'` if your strings are all ISO8601 but not necessarily in exactly the same format;
    - passing `format='mixed'`, and the format will be inferred for each element individually. You might want to use `dayfirst` alongside this.
2026-04-15 01:09:11.596 | INFO     | BACKEND.main:lifespan:52 - ProofSAR AI shutting down …
2026-04-15 01:09:30.161 | INFO     | BACKEND.main:lifespan:31 - ============================================================
2026-04-15 01:09:30.161 | INFO     | BACKEND.main:lifespan:32 -   ProofSAR AI v1.0.0 starting …
2026-04-15 01:09:30.161 | INFO     | BACKEND.main:lifespan:33 -   Environment : development
2026-04-15 01:09:30.161 | INFO     | BACKEND.main:lifespan:34 -   Docs        : http://0.0.0.0:8000/docs
2026-04-15 01:09:30.162 | INFO     | BACKEND.main:lifespan:35 - ============================================================
2026-04-15 01:09:30.321 | SUCCESS  | BACKEND.main:lifespan:41 - ML model loaded
2026-04-15 01:17:16.211 | INFO     | BACKEND.main:lifespan:31 - ============================================================
2026-04-15 01:17:16.212 | INFO     | BACKEND.main:lifespan:32 -   ProofSAR AI v1.0.0 starting …
2026-04-15 01:17:16.212 | INFO     | BACKEND.main:lifespan:33 -   Environment : development
2026-04-15 01:17:16.212 | INFO     | BACKEND.main:lifespan:34 -   Docs        : http://0.0.0.0:8000/docs
2026-04-15 01:17:16.212 | INFO     | BACKEND.main:lifespan:35 - ============================================================
2026-04-15 01:17:16.428 | SUCCESS  | BACKEND.main:lifespan:41 - ML model loaded
2026-04-15 01:21:03.688 | INFO     | AUTH.auth:_load_users:44 - Created default users: admin / analyst
2026-04-15 01:21:03.713 | INFO     | AUDIT.hash_chain:append_event:68 - Audit [1] AUTH_LOGIN by admin  → 45ae4f13f888…
2026-04-15 01:21:33.895 | INFO     | AUDIT.hash_chain:append_event:68 - Audit [2] AUTH_LOGIN by analystt → 7b7c7db91033…
2026-04-15 01:21:37.196 | INFO     | AUDIT.hash_chain:append_event:68 - Audit [3] AUTH_LOGIN by analystt → 19757b260ae1…
2026-04-15 01:21:44.995 | INFO     | AUTH.auth:login_user:89 - User logged in: analyst (analyst)
2026-04-15 01:21:44.998 | INFO     | AUDIT.hash_chain:append_event:68 - Audit [4] AUTH_LOGIN by analyst → 88bfed47ad59…
2026-04-15 18:33:09.548 | INFO     | BACKEND.main:lifespan:31 - ============================================================
2026-04-15 18:33:09.549 | INFO     | BACKEND.main:lifespan:32 -   ProofSAR AI v1.0.0 starting …
2026-04-15 18:33:09.550 | INFO     | BACKEND.main:lifespan:33 -   Environment : development
2026-04-15 18:33:09.551 | INFO     | BACKEND.main:lifespan:34 -   Docs        : http://0.0.0.0:8000/docs
2026-04-15 18:33:09.551 | INFO     | BACKEND.main:lifespan:35 - ============================================================
2026-04-15 18:33:09.805 | SUCCESS  | BACKEND.main:lifespan:41 - ML model loaded
2026-04-15 18:33:13.674 | INFO     | BACKEND.main:lifespan:52 - ProofSAR AI shutting down …
2026-04-15 18:33:43.141 | INFO     | BACKEND.main:lifespan:31 - ============================================================
2026-04-15 18:33:43.143 | INFO     | BACKEND.main:lifespan:32 -   ProofSAR AI v1.0.0 starting …
2026-04-15 18:33:43.143 | INFO     | BACKEND.main:lifespan:33 -   Environment : development
2026-04-15 18:33:43.145 | INFO     | BACKEND.main:lifespan:34 -   Docs        : http://0.0.0.0:8000/docs
2026-04-15 18:33:43.146 | INFO     | BACKEND.main:lifespan:35 - ============================================================
2026-04-15 18:33:43.578 | SUCCESS  | BACKEND.main:lifespan:41 - ML model loaded
2026-04-15 18:33:46.029 | INFO     | BACKEND.main:lifespan:52 - ProofSAR AI shutting down …
2026-04-15 18:34:32.139 | INFO     | BACKEND.main:lifespan:31 - ============================================================
2026-04-15 18:34:32.140 | INFO     | BACKEND.main:lifespan:32 -   ProofSAR AI v1.0.0 starting …
2026-04-15 18:34:32.140 | INFO     | BACKEND.main:lifespan:33 -   Environment : development
2026-04-15 18:34:32.141 | INFO     | BACKEND.main:lifespan:34 -   Docs        : http://0.0.0.0:8000/docs
2026-04-15 18:34:32.141 | INFO     | BACKEND.main:lifespan:35 - ============================================================
2026-04-15 18:34:32.286 | SUCCESS  | BACKEND.main:lifespan:41 - ML model loaded
2026-04-15 18:35:57.431 | INFO     | BACKEND.main:lifespan:31 - ============================================================
2026-04-15 18:35:57.431 | INFO     | BACKEND.main:lifespan:32 -   ProofSAR AI v1.0.0 starting …
2026-04-15 18:35:57.431 | INFO     | BACKEND.main:lifespan:33 -   Environment : development
2026-04-15 18:35:57.431 | INFO     | BACKEND.main:lifespan:34 -   Docs        : http://0.0.0.0:8000/docs
2026-04-15 18:35:57.432 | INFO     | BACKEND.main:lifespan:35 - ============================================================
2026-04-15 18:35:57.727 | SUCCESS  | BACKEND.main:lifespan:41 - ML model loaded
2026-04-15 18:37:15.352 | INFO     | BACKEND.main:lifespan:31 - ============================================================
2026-04-15 18:37:15.353 | INFO     | BACKEND.main:lifespan:32 -   ProofSAR AI v1.0.0 starting …
2026-04-15 18:37:15.353 | INFO     | BACKEND.main:lifespan:33 -   Environment : development
2026-04-15 18:37:15.353 | INFO     | BACKEND.main:lifespan:34 -   Docs        : http://0.0.0.0:8000/docs
2026-04-15 18:37:15.354 | INFO     | BACKEND.main:lifespan:35 - ============================================================
2026-04-15 18:37:15.576 | SUCCESS  | BACKEND.main:lifespan:41 - ML model loaded
2026-04-15 18:39:02.436 | INFO     | AUTH.auth:login_user:89 - User logged in: analyst (analyst)
2026-04-15 18:39:02.439 | INFO     | AUDIT.hash_chain:append_event:68 - Audit [7] AUTH_LOGIN by analyst → ce1d18aa173a…
2026-04-15 18:39:15.574 | INFO     | AUDIT.hash_chain:append_event:68 - Audit [8] TRANSACTION_ANALYZED by analyst → 4d1c585b3c0d…
2026-04-15 18:39:15.574 | WARNING  | ALERTS.gmail_service:_send_email:30 - EMAIL_PASS is placeholder — skipping SMTP
2026-04-15 18:39:15.596 | INFO     | AUDIT.hash_chain:append_event:68 - Audit [9] ALERT_SENT by system → 9232efd9530b…
2026-04-15 18:40:41.789 | INFO     | AUDIT.hash_chain:append_event:68 - Audit [10] TRANSACTION_ANALYZED by analyst → 870067694058…
2026-04-15 18:40:41.789 | WARNING  | ALERTS.gmail_service:_send_email:30 - EMAIL_PASS is placeholder — skipping SMTP
2026-04-15 18:40:41.810 | INFO     | AUDIT.hash_chain:append_event:68 - Audit [11] ALERT_SENT by system → 1ebb6b7fcff5…
2026-04-15 18:41:00.301 | INFO     | AUDIT.hash_chain:append_event:68 - Audit [12] TRANSACTION_ANALYZED by analyst → 085de976fafe…
2026-04-15 18:41:00.302 | WARNING  | ALERTS.gmail_service:_send_email:30 - EMAIL_PASS is placeholder — skipping SMTP
2026-04-15 18:41:00.320 | INFO     | AUDIT.hash_chain:append_event:68 - Audit [13] ALERT_SENT by system → f2565e552bee…
2026-04-15 18:41:11.723 | WARNING  | AI.gemini_client:_init_gemini:24 - GEMINI_API_KEY not set — SAR will use template fallback
2026-04-15 18:41:11.738 | INFO     | AUDIT.hash_chain:append_event:68 - Audit [14] SAR_GENERATED by analyst → 4edf37563d24…
2026-04-15 18:41:11.739 | WARNING  | ALERTS.gmail_service:_send_email:30 - EMAIL_PASS is placeholder — skipping SMTP
2026-04-15 18:41:11.752 | INFO     | AUDIT.hash_chain:append_event:68 - Audit [15] ALERT_SENT by system → f51cdee07726…
2026-04-15 18:50:48.137 | INFO     | BACKEND.main:lifespan:52 - ProofSAR AI shutting down …
2026-04-15 18:50:48.138 | INFO     | BACKEND.main:lifespan:52 - ProofSAR AI shutting down …
2026-04-15 18:50:56.214 | INFO     | BACKEND.main:lifespan:31 - ============================================================
2026-04-15 18:50:56.215 | INFO     | BACKEND.main:lifespan:31 - ============================================================
2026-04-15 18:50:56.215 | INFO     | BACKEND.main:lifespan:32 -   ProofSAR AI v1.0.0 starting …
2026-04-15 18:50:56.215 | INFO     | BACKEND.main:lifespan:32 -   ProofSAR AI v1.0.0 starting …
2026-04-15 18:50:56.216 | INFO     | BACKEND.main:lifespan:33 -   Environment : development
2026-04-15 18:50:56.216 | INFO     | BACKEND.main:lifespan:33 -   Environment : development
2026-04-15 18:50:56.216 | INFO     | BACKEND.main:lifespan:34 -   Docs        : http://0.0.0.0:8000/docs
2026-04-15 18:50:56.216 | INFO     | BACKEND.main:lifespan:34 -   Docs        : http://0.0.0.0:8000/docs
2026-04-15 18:50:56.216 | INFO     | BACKEND.main:lifespan:35 - ============================================================
2026-04-15 18:50:56.217 | INFO     | BACKEND.main:lifespan:35 - ============================================================
2026-04-15 18:50:56.400 | SUCCESS  | BACKEND.main:lifespan:41 - ML model loaded
2026-04-15 18:50:56.495 | SUCCESS  | BACKEND.main:lifespan:41 - ML model loaded
2026-04-15 19:00:43.714 | INFO     | BACKEND.main:lifespan:31 - ============================================================
2026-04-15 19:00:43.714 | INFO     | BACKEND.main:lifespan:32 -   ProofSAR AI v1.0.0 starting …
2026-04-15 19:00:43.715 | INFO     | BACKEND.main:lifespan:33 -   Environment : development
2026-04-15 19:00:43.715 | INFO     | BACKEND.main:lifespan:34 -   Docs        : http://0.0.0.0:8000/docs
2026-04-15 19:00:43.715 | INFO     | BACKEND.main:lifespan:35 - ============================================================
2026-04-15 19:00:43.913 | SUCCESS  | BACKEND.main:lifespan:41 - ML model loaded
2026-04-15 19:01:48.506 | INFO     | BACKEND.main:lifespan:52 - ProofSAR AI shutting down …
